[15:29:46] - [INFO] >                 _   _ ____        _   _____       _
[15:29:46] - [INFO] >     /\         | | (_)  _ \      | | |  __ \     | |
[15:29:46] - [INFO] >    /  \   _ __ | |_ _| |_) | ___ | |_| |  | | ___| |_   ___  _____ 
[15:29:46] - [INFO] >   / /\ \ | '_ \| __| |  _ < / _ \| __| |  | |/ _ \ | | | \ \/ / _ \
[15:29:46] - [INFO] >  / ____ \| | | | |_| | |_) | (_) | |_| |__| |  __/ | |_| |>  <  __/
[15:29:46] - [INFO] > /_/    \_\_| |_|\__|_|____/ \___/ \__|_____/ \___|_|\__,_/_/\_\___|
[15:29:46] - [INFO] >  9.3.2                                               Made with love.
[15:29:46] - [INFO] > Running as 113192@Yoghurt1337-PC
[15:29:46] - [INFO] > Establishing connection to system
[15:29:47] - [ERROR] > No reply from validating Server, this Plugin will now run in safe mode to avoid incompatibilities
[15:29:47] - [INFO] > Connected to Backend & Webpanel - connection is alive
[15:29:47] - [INFO] > Loaded Config & Modules - protection prepared
[15:29:47] - [WARNING] > A Firewall could not be found (IPSet is missing)
[15:30:15] - [INFO] > Ping from [127.0.0.1] has been catched!
[15:30:19] - [INFO] > 
------- Checking Player NightYouth1337 -------
Running MaxPlayersPerSecond to hold values 
Running MaxAccountsPerIP to hold values 
Condition [> 10] for ServerListPing is not met, skipping...
Executing Nameprefix[0 > -1]
Player absolved Nameprefix
Condition [> 5] for SmartHeuristic is not met, skipping...
Executing BlacklistCheck[0 > -1]
Player absolved BlacklistCheck
Executing MaxAccountsPerIP[0 > -1]
Player absolved MaxAccountsPerIP
Condition [> 1] for ForceRejoin is not met, skipping...
Executing MaxPlayersPerIP[0 > -1]
Player absolved MaxPlayersPerIP
Executing GeoCheck[0 > -1]
GeoCheck > Targets Country is N/A checking with mode BLACKLIST
Player absolved GeoCheck
Executing ProxyDetection[1 > -1]
ProxyDetection > Accessing http://proxycheck.io/v2/127.0.0.1?vpn=1 to find "yes" to apply BLACKLIST
ProxyDetection > Accessing http://check.getipintel.net/check.php?ip=127.0.0.1&format=json&contact=hello@yourmail.com&flags=m to find "result":"1" to apply BLACKLIST
ProxyDetection > Accessing http://api.vpnblocker.net/v2/json/127.0.0.1 to find "host-ip": true to apply BLACKLIST
ProxyDetection > Accessing http://www.stopforumspam.com/api?ip=127.0.0.1 to find <appears>yes</appears> to apply KICK
Player absolved ProxyDetection
Checking done in 1483ms
------- Checking Player NightYouth1337 -------

[15:30:19] - [INFO] > NightYouth1337/b8e242c7-3145-3d37-8d1e-3f451490ffab [127.0.0.1] logged in.
